2015-11-29 20:46:19 - PHP Notice:  Error: Lost connection to MySQL server during query<br />Error No: 2013<br />SELECT tr1.tax_class_id, tr2.tax_rate_id, tr2.name, tr2.rate, tr2.type, tr1.priority FROM oc_tax_rule tr1 LEFT JOIN oc_tax_rate tr2 ON (tr1.tax_rate_id = tr2.tax_rate_id) INNER JOIN oc_tax_rate_to_customer_group tr2cg ON (tr2.tax_rate_id = tr2cg.tax_rate_id) LEFT JOIN oc_zone_to_geo_zone z2gz ON (tr2.geo_zone_id = z2gz.geo_zone_id) LEFT JOIN oc_geo_zone gz ON (tr2.geo_zone_id = gz.geo_zone_id) WHERE tr1.based = 'store' AND tr2cg.customer_group_id = '1' AND z2gz.country_id = '176' AND (z2gz.zone_id = '0' OR z2gz.zone_id = '2761') ORDER BY tr1.priority ASC in /var/www/user/data/www/autoservice.minon.ru/system/library/db/mysqli.php on line 41
2015-11-29 20:46:20 - PHP Notice:  Trying to get property of non-object in /var/www/user/data/www/autoservice.minon.ru/system/library/tax.php on line 56
2015-11-29 20:46:20 - PHP Warning:  Invalid argument supplied for foreach() in /var/www/user/data/www/autoservice.minon.ru/system/library/tax.php on line 56
2015-11-29 20:46:20 - PHP Notice:  Error: MySQL server has gone away<br />Error No: 2006<br />SELECT * FROM oc_weight_class wc LEFT JOIN oc_weight_class_description wcd ON (wc.weight_class_id = wcd.weight_class_id) WHERE wcd.language_id = '1' in /var/www/user/data/www/autoservice.minon.ru/system/library/db/mysqli.php on line 41
2015-11-29 20:46:20 - PHP Notice:  Trying to get property of non-object in /var/www/user/data/www/autoservice.minon.ru/system/library/weight.php on line 11
2015-11-29 20:46:20 - PHP Warning:  Invalid argument supplied for foreach() in /var/www/user/data/www/autoservice.minon.ru/system/library/weight.php on line 11
2015-11-29 20:46:20 - PHP Notice:  Error: MySQL server has gone away<br />Error No: 2006<br />SELECT * FROM oc_length_class mc LEFT JOIN oc_length_class_description mcd ON (mc.length_class_id = mcd.length_class_id) WHERE mcd.language_id = '1' in /var/www/user/data/www/autoservice.minon.ru/system/library/db/mysqli.php on line 41
2015-11-29 20:46:20 - PHP Notice:  Trying to get property of non-object in /var/www/user/data/www/autoservice.minon.ru/system/library/length.php on line 11
2015-11-29 20:46:20 - PHP Warning:  Invalid argument supplied for foreach() in /var/www/user/data/www/autoservice.minon.ru/system/library/length.php on line 11
2015-11-29 20:46:20 - PHP Notice:  Error: MySQL server has gone away<br />Error No: 2006<br />DELETE FROM oc_cart WHERE customer_id = '0' AND date_added < DATE_SUB(NOW(), INTERVAL 1 HOUR) in /var/www/user/data/www/autoservice.minon.ru/system/library/db/mysqli.php on line 41
2015-11-29 20:46:20 - PHP Notice:  Error: MySQL server has gone away<br />Error No: 2006<br />SELECT * FROM oc_extension WHERE `type` = 'openbay' in /var/www/user/data/www/autoservice.minon.ru/system/library/db/mysqli.php on line 41
2015-11-29 20:46:20 - PHP Notice:  Trying to get property of non-object in /var/www/user/data/www/autoservice.minon.ru/system/library/openbay.php on line 119
2015-11-29 20:46:20 - PHP Warning:  Invalid argument supplied for foreach() in /var/www/user/data/www/autoservice.minon.ru/system/library/openbay.php on line 119
2015-11-29 20:46:20 - PHP Notice:  Error: MySQL server has gone away<br />Error No: 2006<br />SELECT * FROM oc_event in /var/www/user/data/www/autoservice.minon.ru/system/library/db/mysqli.php on line 41
2015-11-29 20:46:20 - PHP Notice:  Trying to get property of non-object in /var/www/user/data/www/autoservice.minon.ru/index.php on line 250
2015-11-29 20:46:20 - PHP Warning:  Invalid argument supplied for foreach() in /var/www/user/data/www/autoservice.minon.ru/index.php on line 250
2015-11-29 20:46:20 - PHP Notice:  Error: MySQL server has gone away<br />Error No: 2006<br />SELECT * FROM oc_layout_route WHERE 'common/home' LIKE route AND store_id = '0' ORDER BY route DESC LIMIT 1 in /var/www/user/data/www/autoservice.minon.ru/system/library/db/mysqli.php on line 41
2015-11-29 20:46:20 - PHP Notice:  Trying to get property of non-object in /var/www/user/data/www/autoservice.minon.ru/catalog/model/design/layout.php on line 6
2015-11-29 20:46:20 - PHP Notice:  Error: MySQL server has gone away<br />Error No: 2006<br />SELECT * FROM oc_layout_module WHERE layout_id = '4' AND position = 'column_left' ORDER BY sort_order in /var/www/user/data/www/autoservice.minon.ru/system/library/db/mysqli.php on line 41
2015-11-29 20:46:20 - PHP Notice:  Trying to get property of non-object in /var/www/user/data/www/autoservice.minon.ru/catalog/model/design/layout.php on line 16
2015-11-29 20:46:20 - PHP Warning:  Invalid argument supplied for foreach() in /var/www/user/data/www/autoservice.minon.ru/catalog/controller/common/column_left.php on line 48
2015-11-29 20:46:20 - PHP Notice:  Error: MySQL server has gone away<br />Error No: 2006<br />SELECT * FROM oc_layout_route WHERE 'common/home' LIKE route AND store_id = '0' ORDER BY route DESC LIMIT 1 in /var/www/user/data/www/autoservice.minon.ru/system/library/db/mysqli.php on line 41
2015-11-29 20:46:20 - PHP Notice:  Trying to get property of non-object in /var/www/user/data/www/autoservice.minon.ru/catalog/model/design/layout.php on line 6
2015-11-29 20:46:20 - PHP Notice:  Error: MySQL server has gone away<br />Error No: 2006<br />SELECT * FROM oc_layout_module WHERE layout_id = '4' AND position = 'column_right' ORDER BY sort_order in /var/www/user/data/www/autoservice.minon.ru/system/library/db/mysqli.php on line 41
2015-11-29 20:46:20 - PHP Notice:  Trying to get property of non-object in /var/www/user/data/www/autoservice.minon.ru/catalog/model/design/layout.php on line 16
2015-11-29 20:46:20 - PHP Warning:  Invalid argument supplied for foreach() in /var/www/user/data/www/autoservice.minon.ru/catalog/controller/common/column_right.php on line 48
2015-11-29 20:46:20 - PHP Notice:  Error: MySQL server has gone away<br />Error No: 2006<br />SELECT * FROM oc_layout_route WHERE 'common/home' LIKE route AND store_id = '0' ORDER BY route DESC LIMIT 1 in /var/www/user/data/www/autoservice.minon.ru/system/library/db/mysqli.php on line 41
2015-11-29 20:46:20 - PHP Notice:  Trying to get property of non-object in /var/www/user/data/www/autoservice.minon.ru/catalog/model/design/layout.php on line 6
2015-11-29 20:46:20 - PHP Notice:  Error: MySQL server has gone away<br />Error No: 2006<br />SELECT * FROM oc_layout_module WHERE layout_id = '4' AND position = 'content_top' ORDER BY sort_order in /var/www/user/data/www/autoservice.minon.ru/system/library/db/mysqli.php on line 41
2015-11-29 20:46:20 - PHP Notice:  Trying to get property of non-object in /var/www/user/data/www/autoservice.minon.ru/catalog/model/design/layout.php on line 16
2015-11-29 20:46:20 - PHP Warning:  Invalid argument supplied for foreach() in /var/www/user/data/www/autoservice.minon.ru/catalog/controller/common/content_top.php on line 48
2015-11-29 20:46:20 - PHP Notice:  Error: MySQL server has gone away<br />Error No: 2006<br />SELECT * FROM oc_layout_route WHERE 'common/home' LIKE route AND store_id = '0' ORDER BY route DESC LIMIT 1 in /var/www/user/data/www/autoservice.minon.ru/system/library/db/mysqli.php on line 41
2015-11-29 20:46:20 - PHP Notice:  Trying to get property of non-object in /var/www/user/data/www/autoservice.minon.ru/catalog/model/design/layout.php on line 6
2015-11-29 20:46:20 - PHP Notice:  Error: MySQL server has gone away<br />Error No: 2006<br />SELECT * FROM oc_layout_module WHERE layout_id = '4' AND position = 'content_bottom' ORDER BY sort_order in /var/www/user/data/www/autoservice.minon.ru/system/library/db/mysqli.php on line 41
2015-11-29 20:46:20 - PHP Notice:  Trying to get property of non-object in /var/www/user/data/www/autoservice.minon.ru/catalog/model/design/layout.php on line 16
2015-11-29 20:46:20 - PHP Warning:  Invalid argument supplied for foreach() in /var/www/user/data/www/autoservice.minon.ru/catalog/controller/common/content_bottom.php on line 48
2015-11-29 20:46:20 - PHP Notice:  Error: MySQL server has gone away<br />Error No: 2006<br />SELECT * FROM oc_information i LEFT JOIN oc_information_description id ON (i.information_id = id.information_id) LEFT JOIN oc_information_to_store i2s ON (i.information_id = i2s.information_id) WHERE id.language_id = '1' AND i2s.store_id = '0' AND i.status = '1' ORDER BY i.sort_order, LCASE(id.title) ASC in /var/www/user/data/www/autoservice.minon.ru/system/library/db/mysqli.php on line 41
2015-11-29 20:46:20 - PHP Notice:  Trying to get property of non-object in /var/www/user/data/www/autoservice.minon.ru/catalog/model/catalog/information.php on line 12
2015-11-29 20:46:20 - PHP Warning:  Invalid argument supplied for foreach() in /var/www/user/data/www/autoservice.minon.ru/catalog/controller/common/footer.php on line 27
2015-11-29 20:46:20 - PHP Notice:  Error: MySQL server has gone away<br />Error No: 2006<br />SELECT * FROM oc_extension WHERE `type` = 'analytics' in /var/www/user/data/www/autoservice.minon.ru/system/library/db/mysqli.php on line 41
2015-11-29 20:46:20 - PHP Notice:  Trying to get property of non-object in /var/www/user/data/www/autoservice.minon.ru/catalog/model/extension/extension.php on line 6
2015-11-29 20:46:20 - PHP Warning:  Invalid argument supplied for foreach() in /var/www/user/data/www/autoservice.minon.ru/catalog/controller/common/header.php on line 11
2015-11-29 20:46:20 - PHP Notice:  Error: MySQL server has gone away<br />Error No: 2006<br />SELECT * FROM oc_category c LEFT JOIN oc_category_description cd ON (c.category_id = cd.category_id) LEFT JOIN oc_category_to_store c2s ON (c.category_id = c2s.category_id) WHERE c.parent_id = '0' AND cd.language_id = '1' AND c2s.store_id = '0'  AND c.status = '1' ORDER BY c.sort_order, LCASE(cd.name) in /var/www/user/data/www/autoservice.minon.ru/system/library/db/mysqli.php on line 41
2015-11-29 20:46:20 - PHP Notice:  Trying to get property of non-object in /var/www/user/data/www/autoservice.minon.ru/catalog/model/catalog/category.php on line 12
2015-11-29 20:46:20 - PHP Warning:  Invalid argument supplied for foreach() in /var/www/user/data/www/autoservice.minon.ru/catalog/controller/common/header.php on line 114
2015-11-29 20:46:20 - PHP Notice:  Error: MySQL server has gone away<br />Error No: 2006<br />SELECT * FROM oc_language ORDER BY sort_order, name in /var/www/user/data/www/autoservice.minon.ru/system/library/db/mysqli.php on line 41
2015-11-29 20:46:20 - PHP Notice:  Trying to get property of non-object in /var/www/user/data/www/autoservice.minon.ru/catalog/model/localisation/language.php on line 17
2015-11-29 20:46:20 - PHP Warning:  Invalid argument supplied for foreach() in /var/www/user/data/www/autoservice.minon.ru/catalog/model/localisation/language.php on line 17
2015-11-29 20:46:20 - PHP Notice:  Error: MySQL server has gone away<br />Error No: 2006<br />SELECT * FROM oc_currency ORDER BY title ASC in /var/www/user/data/www/autoservice.minon.ru/system/library/db/mysqli.php on line 41
2015-11-29 20:46:20 - PHP Notice:  Trying to get property of non-object in /var/www/user/data/www/autoservice.minon.ru/catalog/model/localisation/currency.php on line 17
2015-11-29 20:46:20 - PHP Warning:  Invalid argument supplied for foreach() in /var/www/user/data/www/autoservice.minon.ru/catalog/model/localisation/currency.php on line 17
2015-11-29 20:46:20 - PHP Notice:  Error: MySQL server has gone away<br />Error No: 2006<br />SELECT * FROM oc_cart WHERE customer_id = '0' AND session_id = '8ldoc4rlfj70vlrumqskmg8jo4' in /var/www/user/data/www/autoservice.minon.ru/system/library/db/mysqli.php on line 41
2015-11-29 20:46:20 - PHP Notice:  Trying to get property of non-object in /var/www/user/data/www/autoservice.minon.ru/system/library/cart.php on line 37
2015-11-29 20:46:20 - PHP Warning:  Invalid argument supplied for foreach() in /var/www/user/data/www/autoservice.minon.ru/system/library/cart.php on line 37
2015-11-29 20:46:20 - PHP Notice:  Error: MySQL server has gone away<br />Error No: 2006<br />SELECT * FROM oc_extension WHERE `type` = 'total' in /var/www/user/data/www/autoservice.minon.ru/system/library/db/mysqli.php on line 41
2015-11-29 20:46:20 - PHP Notice:  Trying to get property of non-object in /var/www/user/data/www/autoservice.minon.ru/catalog/model/extension/extension.php on line 6
2015-11-29 20:46:20 - PHP Warning:  Invalid argument supplied for foreach() in /var/www/user/data/www/autoservice.minon.ru/catalog/controller/common/cart.php on line 19
2015-11-29 20:46:20 - PHP Warning:  array_multisort(): Argument #3 is expected to be an array or a sort flag in /var/www/user/data/www/autoservice.minon.ru/catalog/controller/common/cart.php on line 23
2015-11-29 20:46:20 - PHP Warning:  Invalid argument supplied for foreach() in /var/www/user/data/www/autoservice.minon.ru/catalog/controller/common/cart.php on line 25
2015-11-29 20:46:20 - PHP Notice:  Error: MySQL server has gone away<br />Error No: 2006<br />SELECT * FROM oc_cart WHERE customer_id = '0' AND session_id = '8ldoc4rlfj70vlrumqskmg8jo4' in /var/www/user/data/www/autoservice.minon.ru/system/library/db/mysqli.php on line 41
2015-11-29 20:46:20 - PHP Notice:  Trying to get property of non-object in /var/www/user/data/www/autoservice.minon.ru/system/library/cart.php on line 37
2015-11-29 20:46:20 - PHP Warning:  Invalid argument supplied for foreach() in /var/www/user/data/www/autoservice.minon.ru/system/library/cart.php on line 37
2015-11-29 20:46:20 - PHP Notice:  Error: MySQL server has gone away<br />Error No: 2006<br />SELECT * FROM oc_cart WHERE customer_id = '0' AND session_id = '8ldoc4rlfj70vlrumqskmg8jo4' in /var/www/user/data/www/autoservice.minon.ru/system/library/db/mysqli.php on line 41
2015-11-29 20:46:20 - PHP Notice:  Trying to get property of non-object in /var/www/user/data/www/autoservice.minon.ru/system/library/cart.php on line 37
2015-11-29 20:46:20 - PHP Warning:  Invalid argument supplied for foreach() in /var/www/user/data/www/autoservice.minon.ru/system/library/cart.php on line 37
2015-12-17 20:50:10 - PHP Notice:  Error: Could not load model /var/www/avtopushkino/catalog/model/supplier/parts.php! in /var/www/avtopushkino/system/engine/loader.php on line 63
2016-01-02 17:45:10 - PHP Notice:  Error: Could not load admin_model /var/www/user/data/www/autoservice.minon.ru/admin/model/catalog/product.php! in /var/www/avtopushkino/system/engine/loader.php on line 80
2016-01-02 17:45:30 - PHP Notice:  Error: Could not load admin_model /var/www/user/data/www/autoservice.minon.ru/admin/model/catalog/product.php! in /var/www/avtopushkino/system/engine/loader.php on line 80
2016-01-02 17:47:43 - PHP Notice:  Error: Could not load admin_model /var/www/user/data/www/autoservice.minon.ru/admin/model/catalog/product.php! in /var/www/avtopushkino/system/engine/loader.php on line 80
2016-01-02 19:27:15 - PHP Notice:  Error: Could not load admin_model /var/www/user/data/www/autoservice.minon.ru/admin/model/catalog/product.php! in /var/www/avtopushkino/system/engine/loader.php on line 80
2016-01-04 18:21:37 - PHP Notice:  Undefined property: stdClass::$SearchedTheCatalog in /var/www/avtopushkino/catalog/model/supplier/autopiter.php on line 17
2016-01-04 18:22:25 - PHP Notice:  Undefined property: stdClass::$SearchedTheCatalog in /var/www/avtopushkino/catalog/model/supplier/autopiter.php on line 17
2016-01-04 18:22:31 - PHP Notice:  Undefined property: stdClass::$SearchedTheCatalog in /var/www/avtopushkino/catalog/model/supplier/autopiter.php on line 17
2016-01-06 10:52:19 - PHP Notice:  Undefined property: stdClass::$SearchedTheCatalog in /var/www/avtopushkino/catalog/model/supplier/autopiter.php on line 17
2016-01-06 10:54:15 - PHP Notice:  Undefined property: stdClass::$SearchedTheCatalog in /var/www/avtopushkino/catalog/model/supplier/autopiter.php on line 17
2016-01-06 11:21:38 - PHP Notice:  Undefined property: stdClass::$GetPriceIdResult in /var/www/avtopushkino/catalog/model/supplier/autopiter.php on line 192
2016-01-06 11:21:38 - PHP Notice:  Trying to get property of non-object in /var/www/avtopushkino/catalog/model/supplier/autopiter.php on line 192
2016-01-06 11:23:10 - PHP Notice:  Undefined property: stdClass::$GetPriceIdResult in /var/www/avtopushkino/catalog/model/supplier/autopiter.php on line 192
2016-01-06 11:23:10 - PHP Notice:  Trying to get property of non-object in /var/www/avtopushkino/catalog/model/supplier/autopiter.php on line 192
2016-01-06 11:27:46 - PHP Notice:  Undefined property: stdClass::$GetPriceIdResult in /var/www/avtopushkino/catalog/model/supplier/autopiter.php on line 192
2016-01-06 11:28:22 - PHP Notice:  Undefined property: stdClass::$GetPriceIdResult in /var/www/avtopushkino/catalog/model/supplier/autopiter.php on line 195
2016-01-06 11:28:22 - PHP Notice:  Trying to get property of non-object in /var/www/avtopushkino/catalog/model/supplier/autopiter.php on line 195
2016-01-06 11:28:47 - PHP Notice:  Undefined property: stdClass::$GetPriceIdResult in /var/www/avtopushkino/catalog/model/supplier/autopiter.php on line 192
2016-01-06 11:29:19 - PHP Notice:  Undefined property: stdClass::$GetPriceIdResult in /var/www/avtopushkino/catalog/model/supplier/autopiter.php on line 192
2016-01-10 11:00:34 - PHP Notice:  Trying to get property of non-object in /var/www/avtopushkino/catalog/model/supplier/autopiter.php on line 200
2016-01-10 11:00:34 - PHP Notice:  Trying to get property of non-object in /var/www/avtopushkino/catalog/model/supplier/autopiter.php on line 210
2016-01-10 11:00:34 - PHP Notice:  Trying to get property of non-object in /var/www/avtopushkino/catalog/model/supplier/autopiter.php on line 221
2016-01-10 11:00:34 - PHP Notice:  Trying to get property of non-object in /var/www/avtopushkino/catalog/model/supplier/autopiter.php on line 222
2016-01-10 11:00:34 - PHP Notice:  Trying to get property of non-object in /var/www/avtopushkino/catalog/model/supplier/autopiter.php on line 228
2016-01-10 11:00:34 - PHP Notice:  Trying to get property of non-object in /var/www/avtopushkino/catalog/model/supplier/autopiter.php on line 236
2016-01-10 11:00:34 - PHP Notice:  Trying to get property of non-object in /var/www/avtopushkino/catalog/model/supplier/autopiter.php on line 238
2016-01-10 16:42:29 - PHP Notice:  Undefined index: id in /var/www/avtopushkino/catalog/model/supplier/autopiter.php on line 172
2016-01-10 16:42:29 - PHP Notice:  Error: You have an error in your SQL syntax; check the manual that corresponds to your MySQL server version for the right syntax to use near 'WHERE product_id = '0'' at line 4<br />Error No: 1064<br />UPDATE oc_product SET
         price =  '1617.36',
         date_available = '2016-01-18T00:00:00',
         WHERE product_id = '0' in /var/www/avtopushkino/system/library/db/mysqli.php on line 41
2016-01-10 16:42:29 - PHP Notice:  Undefined index: id in /var/www/avtopushkino/catalog/model/supplier/autopiter.php on line 172
2016-01-10 16:42:29 - PHP Notice:  Error: You have an error in your SQL syntax; check the manual that corresponds to your MySQL server version for the right syntax to use near 'WHERE product_id = '0'' at line 4<br />Error No: 1064<br />UPDATE oc_product SET
         price =  '1756.78',
         date_available = '2016-01-12T00:00:00',
         WHERE product_id = '0' in /var/www/avtopushkino/system/library/db/mysqli.php on line 41
2016-01-10 16:43:31 - PHP Notice:  Undefined index: id in /var/www/avtopushkino/catalog/model/supplier/autopiter.php on line 172
2016-01-10 16:43:31 - PHP Notice:  Undefined index: id in /var/www/avtopushkino/catalog/model/supplier/autopiter.php on line 172
2016-01-11 7:50:17 - PHP Warning:  SoapClient::__doRequest(): connect() failed: No route to host in /var/www/avtopushkino/catalog/model/supplier/autopiter.php on line 22
2016-01-11 7:50:43 - PHP Warning:  SoapClient::__doRequest(): connect() failed: No route to host in /var/www/avtopushkino/catalog/model/supplier/autopiter.php on line 22
2016-01-11 7:51:22 - PHP Warning:  SoapClient::__doRequest(): connect() failed: No route to host in /var/www/avtopushkino/catalog/model/supplier/autopiter.php on line 22
2016-01-11 7:52:36 - PHP Warning:  SoapClient::__doRequest(): connect() failed: No route to host in /var/www/avtopushkino/catalog/model/supplier/autopiter.php on line 22
2016-01-11 7:53:19 - PHP Warning:  SoapClient::__doRequest(): connect() failed: No route to host in /var/www/avtopushkino/catalog/model/supplier/autopiter.php on line 22
2016-01-11 20:19:40 - PHP Notice:  Undefined property: stdClass::$SearchedTheCatalog in /var/www/avtopushkino/catalog/model/supplier/autopiter.php on line 180
2016-01-24 11:02:16 - PHP Notice:  Trying to get property of non-object in /var/www/avtopushkino/catalog/controller/product/search.php on line 25
2016-01-24 11:02:20 - PHP Notice:  Trying to get property of non-object in /var/www/avtopushkino/catalog/controller/product/search.php on line 28
2016-01-24 11:02:35 - PHP Notice:  Trying to get property of non-object in /var/www/avtopushkino/catalog/model/supplier/autopiter.php on line 204
2016-01-24 11:02:35 - PHP Notice:  Trying to get property of non-object in /var/www/avtopushkino/catalog/model/supplier/autopiter.php on line 214
2016-01-24 11:02:35 - PHP Notice:  Trying to get property of non-object in /var/www/avtopushkino/catalog/model/supplier/autopiter.php on line 225
2016-01-24 11:02:35 - PHP Notice:  Trying to get property of non-object in /var/www/avtopushkino/catalog/model/supplier/autopiter.php on line 226
2016-01-24 11:02:35 - PHP Notice:  Trying to get property of non-object in /var/www/avtopushkino/catalog/model/supplier/autopiter.php on line 232
2016-01-24 11:02:35 - PHP Notice:  Trying to get property of non-object in /var/www/avtopushkino/catalog/model/supplier/autopiter.php on line 240
2016-01-24 11:02:35 - PHP Notice:  Trying to get property of non-object in /var/www/avtopushkino/catalog/model/supplier/autopiter.php on line 242
2016-01-24 11:02:40 - PHP Notice:  Trying to get property of non-object in /var/www/avtopushkino/catalog/controller/product/search.php on line 39
2016-01-24 11:02:40 - PHP Notice:  Trying to get property of non-object in /var/www/avtopushkino/catalog/controller/product/search.php on line 25
2016-01-24 11:02:40 - PHP Notice:  Trying to get property of non-object in /var/www/avtopushkino/catalog/controller/product/search.php on line 25
2016-01-24 11:09:06 - PHP Notice:  Undefined property: stdClass::$SearchedTheCatalog in /var/www/avtopushkino/catalog/model/supplier/autopiter.php on line 180
2016-01-24 11:11:05 - PHP Notice:  Undefined property: stdClass::$SearchedTheCatalog in /var/www/avtopushkino/catalog/model/supplier/autopiter.php on line 180
2016-01-24 11:11:22 - PHP Notice:  Undefined property: stdClass::$SearchedTheCatalog in /var/www/avtopushkino/catalog/model/supplier/autopiter.php on line 180
2016-01-24 11:11:44 - PHP Notice:  Undefined property: stdClass::$SearchedTheCatalog in /var/www/avtopushkino/catalog/model/supplier/autopiter.php on line 180
2016-01-24 11:13:38 - PHP Notice:  Undefined property: stdClass::$SearchedTheCatalog in /var/www/avtopushkino/catalog/model/supplier/autopiter.php on line 180
2016-01-24 11:13:58 - PHP Notice:  Undefined property: stdClass::$SearchedTheCatalog in /var/www/avtopushkino/catalog/model/supplier/autopiter.php on line 180
2016-01-24 11:15:25 - PHP Notice:  Undefined index: date_available in /var/www/avtopushkino/catalog/model/supplier/autopiter.php on line 171
2016-01-24 11:15:25 - PHP Notice:  Undefined index: date_available in /var/www/avtopushkino/catalog/model/supplier/autopiter.php on line 171
2016-01-24 11:15:25 - PHP Notice:  Undefined index: date_available in /var/www/avtopushkino/catalog/model/supplier/autopiter.php on line 171
2016-01-24 11:25:45 - PHP Notice:  Undefined index: date_available in /var/www/avtopushkino/catalog/model/supplier/autopiter.php on line 170
2016-01-24 11:25:45 - PHP Notice:  Undefined index: date_available in /var/www/avtopushkino/catalog/model/supplier/autopiter.php on line 170
2016-01-24 11:25:45 - PHP Notice:  Undefined index: date_available in /var/www/avtopushkino/catalog/model/supplier/autopiter.php on line 170
